<?xml version="1.0" encoding="UTF-8"?>
<!-- Generated by org.testng.reporters.JUnitXMLReporter -->
<testsuite hostname="in-hritesh.local" ignored="2" tests="1" failures="0" timestamp="10 Dec 2019 04:27:02 GMT" time="3.276" errors="0">
  <testcase name="logintest" time="1.203" classname="Logintest"/>
  <testcase name="@AfterSuite quitDriver" time="0.0" classname="suite.SuiteManager">
    <ignored/>
  </testcase> <!-- @AfterSuite quitDriver -->
  <testcase name="@BeforeSuite startDriver" time="0.0" classname="suite.SuiteManager">
    <ignored/>
  </testcase> <!-- @BeforeSuite startDriver -->
</testsuite>
