<?xml version="1.0" encoding="UTF-8"?>
<!-- Generated by org.testng.reporters.JUnitXMLReporter -->
<testsuite hostname="in-hritesh.local" ignored="2" tests="1" failures="0" timestamp="09 Dec 2019 11:42:44 GMT" time="3.251" errors="0">
  <testcase name="logintest" time="1.276" classname="Logintest"/>
  <testcase name="@AfterSuite quitDriver" time="0.0" classname="suite.SuiteManager">
    <ignored/>
  </testcase> <!-- @AfterSuite quitDriver -->
  <testcase name="@BeforeSuite startDriver" time="0.0" classname="suite.SuiteManager">
    <ignored/>
  </testcase> <!-- @BeforeSuite startDriver -->
</testsuite>
