<?xml version="1.0" encoding="UTF-8"?>
<testng-results skipped="0" failed="0" ignored="2" total="3" passed="1">
  <reporter-output>
  </reporter-output>
  <suite name="Default Suite" duration-ms="3251" started-at="2019-12-09T11:42:41Z" finished-at="2019-12-09T11:42:44Z">
    <groups>
    </groups>
    <test name="Test" duration-ms="3251" started-at="2019-12-09T11:42:41Z" finished-at="2019-12-09T11:42:44Z">
      <class name="Logintest">
        <test-method status="PASS" signature="startDriver()[pri:0, instance:Logintest@d041cf]" name="startDriver" is-config="true" duration-ms="1437" started-at="2019-12-09T11:42:39Z" finished-at="2019-12-09T11:42:41Z">
          <reporter-output>
          </reporter-output>
        </test-method> <!-- startDriver -->
        <test-method status="PASS" signature="launchUrl()[pri:0, instance:Logintest@d041cf]" name="launchUrl" is-config="true" duration-ms="1964" started-at="2019-12-09T11:42:41Z" finished-at="2019-12-09T11:42:43Z">
          <reporter-output>
          </reporter-output>
        </test-method> <!-- launchUrl -->
        <test-method status="PASS" signature="logintest()[pri:0, instance:Logintest@d041cf]" name="logintest" duration-ms="1276" started-at="2019-12-09T11:42:43Z" finished-at="2019-12-09T11:42:44Z">
          <reporter-output>
          </reporter-output>
        </test-method> <!-- logintest -->
        <test-method status="PASS" signature="quitDriver()[pri:0, instance:Logintest@d041cf]" name="quitDriver" is-config="true" duration-ms="79" started-at="2019-12-09T11:42:44Z" finished-at="2019-12-09T11:42:44Z">
          <reporter-output>
          </reporter-output>
        </test-method> <!-- quitDriver -->
      </class> <!-- Logintest -->
    </test> <!-- Test -->
  </suite> <!-- Default Suite -->
</testng-results>
